<?xml version="1.0" encoding="UTF-8"?>
<!-- Generated by org.testng.reporters.JUnitXMLReporter -->
<testsuite ignored="1" hostname="DESKTOP-DPRSV8L" failures="0" tests="1" name="Default test" time="22.691" errors="0" timestamp="2025-02-13T08:55:29 IST">
  <testcase classname="com.testcases.FlightTC" name="navigateToPage" time="0.806"/>
  <testcase classname="com.testcases.FlightTC" name="searchWithFromTo" time="0.0">
    <ignored/>
  </testcase> <!-- searchWithFromTo -->
</testsuite> <!-- Default test -->
