<?xml version="1.0" encoding="UTF-8"?>
<!-- Generated by org.testng.reporters.JUnitXMLReporter -->
<testsuite ignored="0" hostname="DESKTOP-DPRSV8L" failures="1" tests="1" name="Default test" time="32.042" errors="0" timestamp="2025-02-05T09:46:55 IST">
  <testcase classname="com.testcases.FlightTC" name="launchTheApplication" time="5.886">
    <failure type="com.microsoft.playwright.impl.TargetClosedError" message="Error {
  message=&amp;apos;Target page, context or browser has been closed
  name=&amp;apos;TargetClosedError
  stack=&amp;apos;TargetClosedError: Target page, context or browser has been closed
    at DispatcherConnection.dispatch (C:\Users\MAULIK~1\AppData\Local\Temp\playwright-java-5660662562991031670\package\lib\server\dispatchers\dispatcher.js:375:15)
}
Call log:
-   - waiting for locator(&amp;quot;//div[@class=\&amp;quot;_2TAdi\&amp;quot;]/div[2]/span[2]&amp;quot;)
-     - locator resolved to &amp;lt;span id=&amp;quot;destCode&amp;quot; class=&amp;quot;_3smUN&amp;quot;&amp;gt;…&amp;lt;/span&amp;gt;
-   - attempting click action
-     2 × waiting for element to be visible, enabled and stable
-       - element is visible, enabled and stable
-       - scrolling into view if needed
-       - done scrolling
-       - &amp;lt;input type=&amp;quot;text&amp;quot; tabindex=&amp;quot;0&amp;quot; id=&amp;quot;text-box&amp;quot; autocomplete=&amp;quot;off&amp;quot; placeholder=&amp;quot;Source&amp;quot; class=&amp;quot;_2D0RF _3lmQz&amp;quot;/&amp;gt; from &amp;lt;div id=&amp;quot;from&amp;quot; class=&amp;quot;_3rxhd&amp;quot;&amp;gt;…&amp;lt;/div&amp;gt; subtree intercepts pointer events
-     - retrying click action
-     - waiting 20ms
-     - waiting for element to be visible, enabled and stable
-     - element is visible, enabled and stable
-     - scrolling into view if needed
-     - done scrolling
-     - &amp;lt;input type=&amp;quot;text&amp;quot; tabindex=&amp;quot;0&amp;quot; id=&amp;quot;text-box&amp;quot; autocomplete=&amp;quot;off&amp;quot; placeholder=&amp;quot;Source&amp;quot; class=&amp;quot;_2D0RF _3lmQz&amp;quot;/&amp;gt; from &amp;lt;div id=&amp;quot;from&amp;quot; class=&amp;quot;_3rxhd&amp;quot;&amp;gt;…&amp;lt;/div&amp;gt; subtree intercepts pointer events
-   2 × retrying click action
-       - waiting 100ms
-       - waiting for element to be visible, enabled and stable
-       - element is visible, enabled and stable
-       - scrolling into view if needed
-       - done scrolling
-       - &amp;lt;li class=&amp;quot;_2Szju&amp;quot;&amp;gt;…&amp;lt;/li&amp;gt; from &amp;lt;header&amp;gt;…&amp;lt;/header&amp;gt; subtree intercepts pointer events
-   2 × retrying click action
-       - waiting 500ms
-       - waiting for element to be visible, enabled and stable
-       - element is visible, enabled and stable
-       - scrolling into view if needed
-       - done scrolling
-       - &amp;lt;input type=&amp;quot;text&amp;quot; tabindex=&amp;quot;0&amp;quot; id=&amp;quot;text-box&amp;quot; autocomplete=&amp;quot;off&amp;quot; placeholder=&amp;quot;Source&amp;quot; class=&amp;quot;_2D0RF _3lmQz&amp;quot;/&amp;gt; from &amp;lt;div id=&amp;quot;from&amp;quot; class=&amp;quot;_3rxhd&amp;quot;&amp;gt;…&amp;lt;/div&amp;gt; subtree intercepts pointer events
-     - retrying click action
-       - waiting 500ms
-       - waiting for element to be visible, enabled and stable
-       - element is visible, enabled and stable
-       - scrolling into view if needed
-       - done scrolling
-       - &amp;lt;input type=&amp;quot;text&amp;quot; tabindex=&amp;quot;0&amp;quot; id=&amp;quot;text-box&amp;quot; autocomplete=&amp;quot;off&amp;quot; placeholder=&amp;quot;Source&amp;quot; class=&amp;quot;_2D0RF _3lmQz&amp;quot;/&amp;gt; from &amp;lt;div id=&amp;quot;from&amp;quot; class=&amp;quot;_3rxhd&amp;quot;&amp;gt;…&amp;lt;/div&amp;gt; subtree intercepts pointer events
-     - retrying click action
-       - waiting 500ms
-       - waiting for element to be visible, enabled and stable
-       - element is visible, enabled and stable
-       - scrolling into view if needed
-       - done scrolling
-       - &amp;lt;li class=&amp;quot;_2Szju&amp;quot;&amp;gt;…&amp;lt;/li&amp;gt; from &amp;lt;header&amp;gt;…&amp;lt;/header&amp;gt; subtree intercepts pointer events
-     - retrying click action
-       - waiting 500ms
-       - waiting for element to be visible, enabled and stable
-       - element is visible, enabled and stable
-       - scrolling into view if needed
-       - done scrolling
-       - &amp;lt;li class=&amp;quot;_2Szju&amp;quot;&amp;gt;…&amp;lt;/li&amp;gt; from &amp;lt;header&amp;gt;…&amp;lt;/header&amp;gt; subtree intercepts pointer events
-   - retrying click action
-     - waiting 500ms
">
      <![CDATA[com.microsoft.playwright.impl.TargetClosedError: Error {
  message='Target page, context or browser has been closed
  name='TargetClosedError
  stack='TargetClosedError: Target page, context or browser has been closed
    at DispatcherConnection.dispatch (C:\Users\MAULIK~1\AppData\Local\Temp\playwright-java-5660662562991031670\package\lib\server\dispatchers\dispatcher.js:375:15)
}
Call log:
-   - waiting for locator("//div[@class=\"_2TAdi\"]/div[2]/span[2]")
-     - locator resolved to <span id="destCode" class="_3smUN">…</span>
-   - attempting click action
-     2 × waiting for element to be visible, enabled and stable
-       - element is visible, enabled and stable
-       - scrolling into view if needed
-       - done scrolling
-       - <input type="text" tabindex="0" id="text-box" autocomplete="off" placeholder="Source" class="_2D0RF _3lmQz"/> from <div id="from" class="_3rxhd">…</div> subtree intercepts pointer events
-     - retrying click action
-     - waiting 20ms
-     - waiting for element to be visible, enabled and stable
-     - element is visible, enabled and stable
-     - scrolling into view if needed
-     - done scrolling
-     - <input type="text" tabindex="0" id="text-box" autocomplete="off" placeholder="Source" class="_2D0RF _3lmQz"/> from <div id="from" class="_3rxhd">…</div> subtree intercepts pointer events
-   2 × retrying click action
-       - waiting 100ms
-       - waiting for element to be visible, enabled and stable
-       - element is visible, enabled and stable
-       - scrolling into view if needed
-       - done scrolling
-       - <li class="_2Szju">…</li> from <header>…</header> subtree intercepts pointer events
-   2 × retrying click action
-       - waiting 500ms
-       - waiting for element to be visible, enabled and stable
-       - element is visible, enabled and stable
-       - scrolling into view if needed
-       - done scrolling
-       - <input type="text" tabindex="0" id="text-box" autocomplete="off" placeholder="Source" class="_2D0RF _3lmQz"/> from <div id="from" class="_3rxhd">…</div> subtree intercepts pointer events
-     - retrying click action
-       - waiting 500ms
-       - waiting for element to be visible, enabled and stable
-       - element is visible, enabled and stable
-       - scrolling into view if needed
-       - done scrolling
-       - <input type="text" tabindex="0" id="text-box" autocomplete="off" placeholder="Source" class="_2D0RF _3lmQz"/> from <div id="from" class="_3rxhd">…</div> subtree intercepts pointer events
-     - retrying click action
-       - waiting 500ms
-       - waiting for element to be visible, enabled and stable
-       - element is visible, enabled and stable
-       - scrolling into view if needed
-       - done scrolling
-       - <li class="_2Szju">…</li> from <header>…</header> subtree intercepts pointer events
-     - retrying click action
-       - waiting 500ms
-       - waiting for element to be visible, enabled and stable
-       - element is visible, enabled and stable
-       - scrolling into view if needed
-       - done scrolling
-       - <li class="_2Szju">…</li> from <header>…</header> subtree intercepts pointer events
-   - retrying click action
-     - waiting 500ms

at com.microsoft.playwright.impl.WaitableResult.get(WaitableResult.java:54)
at com.microsoft.playwright.impl.ChannelOwner.runUntil(ChannelOwner.java:132)
at com.microsoft.playwright.impl.Connection.sendMessage(Connection.java:130)
at com.microsoft.playwright.impl.ChannelOwner.sendMessage(ChannelOwner.java:118)
at com.microsoft.playwright.impl.FrameImpl.clickImpl(FrameImpl.java:252)
at com.microsoft.playwright.impl.FrameImpl.lambda$click$8(FrameImpl.java:243)
at com.microsoft.playwright.impl.LoggingSupport.lambda$withLogging$0(LoggingSupport.java:36)
at com.microsoft.playwright.impl.LoggingSupport.withLogging(LoggingSupport.java:47)
at com.microsoft.playwright.impl.ChannelOwner.withLogging(ChannelOwner.java:97)
at com.microsoft.playwright.impl.LoggingSupport.withLogging(LoggingSupport.java:35)
at com.microsoft.playwright.impl.FrameImpl.click(FrameImpl.java:243)
at com.microsoft.playwright.impl.LocatorImpl.click(LocatorImpl.java:175)
at com.microsoft.playwright.Locator.click(Locator.java:2493)
at com.pages.FlightPage.searchSourceDestination(FlightPage.java:31)
at com.pages.FlightPage.searchFlight(FlightPage.java:17)
at com.testcases.FlightTC.launchTheApplication(FlightTC.java:15)
at java.base/jdk.internal.reflect.DirectMethodHandleAccessor.invoke(DirectMethodHandleAccessor.java:103)
at java.base/java.lang.reflect.Method.invoke(Method.java:580)
at org.testng.internal.invokers.MethodInvocationHelper.invokeMethod(MethodInvocationHelper.java:141)
at org.testng.internal.invokers.TestInvoker.invokeMethod(TestInvoker.java:686)
at org.testng.internal.invokers.TestInvoker.invokeTestMethod(TestInvoker.java:230)
at org.testng.internal.invokers.MethodRunner.runInSequence(MethodRunner.java:63)
at org.testng.internal.invokers.TestInvoker$MethodInvocationAgent.invoke(TestInvoker.java:992)
at org.testng.internal.invokers.TestInvoker.invokeTestMethods(TestInvoker.java:203)
at org.testng.internal.invokers.TestMethodWorker.invokeTestMethods(TestMethodWorker.java:154)
at org.testng.internal.invokers.TestMethodWorker.run(TestMethodWorker.java:134)
at java.base/java.util.ArrayList.forEach(ArrayList.java:1597)
at org.testng.TestRunner.privateRun(TestRunner.java:739)
at org.testng.TestRunner.run(TestRunner.java:614)
at org.testng.SuiteRunner.runTest(SuiteRunner.java:421)
at org.testng.SuiteRunner.runSequentially(SuiteRunner.java:413)
at org.testng.SuiteRunner.privateRun(SuiteRunner.java:373)
at org.testng.SuiteRunner.run(SuiteRunner.java:312)
at org.testng.SuiteRunnerWorker.runSuite(SuiteRunnerWorker.java:52)
at org.testng.SuiteRunnerWorker.run(SuiteRunnerWorker.java:95)
at org.testng.TestNG.runSuitesSequentially(TestNG.java:1274)
at org.testng.TestNG.runSuitesLocally(TestNG.java:1208)
at org.testng.TestNG.runSuites(TestNG.java:1112)
at org.testng.TestNG.run(TestNG.java:1079)
at org.testng.remote.AbstractRemoteTestNG.run(AbstractRemoteTestNG.java:115)
at org.testng.remote.RemoteTestNG.initAndRun(RemoteTestNG.java:293)
at org.testng.remote.RemoteTestNG.main(RemoteTestNG.java:91)
Caused by: com.microsoft.playwright.impl.TargetClosedError: Error {
  message='Target page, context or browser has been closed
  name='TargetClosedError
  stack='TargetClosedError: Target page, context or browser has been closed
    at DispatcherConnection.dispatch (C:\Users\MAULIK~1\AppData\Local\Temp\playwright-java-5660662562991031670\package\lib\server\dispatchers\dispatcher.js:375:15)
}
Call log:
-   - waiting for locator("//div[@class=\"_2TAdi\"]/div[2]/span[2]")
-     - locator resolved to <span id="destCode" class="_3smUN">…</span>
-   - attempting click action
-     2 × waiting for element to be visible, enabled and stable
-       - element is visible, enabled and stable
-       - scrolling into view if needed
-       - done scrolling
-       - <input type="text" tabindex="0" id="text-box" autocomplete="off" placeholder="Source" class="_2D0RF _3lmQz"/> from <div id="from" class="_3rxhd">…</div> subtree intercepts pointer events
-     - retrying click action
-     - waiting 20ms
-     - waiting for element to be visible, enabled and stable
-     - element is visible, enabled and stable
-     - scrolling into view if needed
-     - done scrolling
-     - <input type="text" tabindex="0" id="text-box" autocomplete="off" placeholder="Source" class="_2D0RF _3lmQz"/> from <div id="from" class="_3rxhd">…</div> subtree intercepts pointer events
-   2 × retrying click action
-       - waiting 100ms
-       - waiting for element to be visible, enabled and stable
-       - element is visible, enabled and stable
-       - scrolling into view if needed
-       - done scrolling
-       - <li class="_2Szju">…</li> from <header>…</header> subtree intercepts pointer events
-   2 × retrying click action
-       - waiting 500ms
-       - waiting for element to be visible, enabled and stable
-       - element is visible, enabled and stable
-       - scrolling into view if needed
-       - done scrolling
-       - <input type="text" tabindex="0" id="text-box" autocomplete="off" placeholder="Source" class="_2D0RF _3lmQz"/> from <div id="from" class="_3rxhd">…</div> subtree intercepts pointer events
-     - retrying click action
-       - waiting 500ms
-       - waiting for element to be visible, enabled and stable
-       - element is visible, enabled and stable
-       - scrolling into view if needed
-       - done scrolling
-       - <input type="text" tabindex="0" id="text-box" autocomplete="off" placeholder="Source" class="_2D0RF _3lmQz"/> from <div id="from" class="_3rxhd">…</div> subtree intercepts pointer events
-     - retrying click action
-       - waiting 500ms
-       - waiting for element to be visible, enabled and stable
-       - element is visible, enabled and stable
-       - scrolling into view if needed
-       - done scrolling
-       - <li class="_2Szju">…</li> from <header>…</header> subtree intercepts pointer events
-     - retrying click action
-       - waiting 500ms
-       - waiting for element to be visible, enabled and stable
-       - element is visible, enabled and stable
-       - scrolling into view if needed
-       - done scrolling
-       - <li class="_2Szju">…</li> from <header>…</header> subtree intercepts pointer events
-   - retrying click action
-     - waiting 500ms

at com.microsoft.playwright.impl.Connection.dispatch(Connection.java:256)
at com.microsoft.playwright.impl.Connection.processOneMessage(Connection.java:211)
at com.microsoft.playwright.impl.ChannelOwner.runUntil(ChannelOwner.java:130)
... 40 more
]]>
    </failure>
  </testcase> <!-- launchTheApplication -->
</testsuite> <!-- Default test -->
