<?xml version="1.0" encoding="UTF-8"?>
<testng-results ignored="0" total="1" passed="1" failed="0" skipped="0">
  <reporter-output>
  </reporter-output>
  <suite started-at="2025-02-06T09:03:04 IST" name="Default suite" finished-at="2025-02-06T09:03:26 IST" duration-ms="21208">
    <groups>
    </groups>
    <test started-at="2025-02-06T09:03:04 IST" name="Default test" finished-at="2025-02-06T09:03:26 IST" duration-ms="21208">
      <class name="com.testcases.FlightTC">
        <test-method is-config="true" signature="invokeBrowser()[pri:0, instance:com.testcases.FlightTC@1aafa419]" started-at="2025-02-06T09:03:04 IST" name="invokeBrowser" finished-at="2025-02-06T09:03:23 IST" duration-ms="18308" status="PASS">
          <reporter-output>
          </reporter-output>
        </test-method> <!-- invokeBrowser -->
        <test-method signature="launchTheApplication()[pri:0, instance:com.testcases.FlightTC@1aafa419]" started-at="2025-02-06T09:03:23 IST" name="launchTheApplication" finished-at="2025-02-06T09:03:25 IST" duration-ms="2694" status="PASS">
          <reporter-output>
          </reporter-output>
        </test-method> <!-- launchTheApplication -->
        <test-method is-config="true" signature="tearDown()[pri:0, instance:com.testcases.FlightTC@1aafa419]" started-at="2025-02-06T09:03:25 IST" name="tearDown" finished-at="2025-02-06T09:03:26 IST" duration-ms="88" status="PASS">
          <reporter-output>
          </reporter-output>
        </test-method> <!-- tearDown -->
      </class> <!-- com.testcases.FlightTC -->
    </test> <!-- Default test -->
  </suite> <!-- Default suite -->
</testng-results>
