<?xml version="1.0" encoding="UTF-8"?>
<testng-results ignored="0" total="1" passed="1" failed="0" skipped="0">
  <reporter-output>
  </reporter-output>
  <suite started-at="2025-02-13T08:55:07 IST" name="Default suite" finished-at="2025-02-13T08:55:29 IST" duration-ms="22691">
    <groups>
    </groups>
    <test started-at="2025-02-13T08:55:07 IST" name="Default test" finished-at="2025-02-13T08:55:29 IST" duration-ms="22691">
      <class name="com.testcases.FlightTC">
        <test-method is-config="true" signature="invokeBrowser()[pri:0, instance:com.testcases.FlightTC@47eaca72]" started-at="2025-02-13T08:55:07 IST" name="invokeBrowser" finished-at="2025-02-13T08:55:26 IST" duration-ms="19661" status="PASS">
          <reporter-output>
          </reporter-output>
        </test-method> <!-- invokeBrowser -->
        <test-method signature="navigateToPage()[pri:0, instance:com.testcases.FlightTC@47eaca72]" started-at="2025-02-13T08:55:26 IST" name="navigateToPage" finished-at="2025-02-13T08:55:27 IST" duration-ms="806" status="PASS">
          <reporter-output>
          </reporter-output>
        </test-method> <!-- navigateToPage -->
        <test-method is-config="true" signature="tearDown()[pri:0, instance:com.testcases.FlightTC@47eaca72]" started-at="2025-02-13T08:55:27 IST" name="tearDown" finished-at="2025-02-13T08:55:29 IST" duration-ms="2118" status="PASS">
          <reporter-output>
          </reporter-output>
        </test-method> <!-- tearDown -->
      </class> <!-- com.testcases.FlightTC -->
    </test> <!-- Default test -->
  </suite> <!-- Default suite -->
</testng-results>
